[24/08/2022 - 13:52:17 PM] Requisição de criação de integração efetuada...
[24/08/2022 - 13:52:17 PM] Token de autenticação undefined
[24/08/2022 - 13:52:17 PM] Token de autenticação undefined
[24/08/2022 - 13:52:17 PM] Token de autenticação undefined
[24/08/2022 - 13:52:17 PM] Dados: 
[24/08/2022 - 13:52:18 PM] Executando query: SELECT table_name, 
            count(*) as column_count from information_schema."columns" 
            where table_schema = 'public' 
            GROUP by table_name 
            order by column_count desc
[24/08/2022 - 13:52:27 PM] error: Operation `users.findOne()` buffering timed out after 10000ms
[24/08/2022 - 13:52:29 PM] Banco de dados da aplicação conectado ✓
[24/08/2022 - 13:52:29 PM] Banco de dados da aplicação conectado ✓
[24/08/2022 - 13:52:29 PM] Banco de dados da aplicação conectado ✓
[24/08/2022 - 13:52:29 PM] Banco de dados da aplicação conectado ✓
[24/08/2022 - 13:52:29 PM] Banco de dados da aplicação conectado ✓
[24/08/2022 - 13:52:29 PM] Banco de dados da aplicação conectado ✓
[24/08/2022 - 13:52:30 PM] error: Erro: Right-hand side of 'instanceof' is not callable
[24/08/2022 - 13:52:31 PM] error: Right-hand side of 'instanceof' is not callable
[24/08/2022 - 13:52:31 PM] Token gerado com sucesso. UserId: 62a77ec1ca1be5d360b514f0
[24/08/2022 - 14:04:44 PM] Requisição de criação de integração efetuada...
[24/08/2022 - 14:04:44 PM] Token de autenticação undefined
[24/08/2022 - 14:04:44 PM] Token de autenticação undefined
[24/08/2022 - 14:04:44 PM] Token de autenticação undefined
[24/08/2022 - 14:04:44 PM] Dados: 
[24/08/2022 - 14:04:45 PM] Executando query: SELECT table_name, 
            count(*) as column_count from information_schema."columns" 
            where table_schema = 'public' 
            GROUP by table_name 
            order by column_count desc
[24/08/2022 - 14:04:46 PM] Banco de dados da aplicação conectado ✓
[24/08/2022 - 14:04:46 PM] Banco de dados da aplicação conectado ✓
[24/08/2022 - 14:04:46 PM] Banco de dados da aplicação conectado ✓
[24/08/2022 - 14:04:46 PM] Banco de dados da aplicação conectado ✓
[24/08/2022 - 14:04:46 PM] Banco de dados da aplicação conectado ✓
[24/08/2022 - 14:04:46 PM] Banco de dados da aplicação conectado ✓
[24/08/2022 - 14:04:47 PM] error: Erro: E11000 duplicate key error collection: tscmdb.integrations index: name_1 dup key: { name: "Hospital de testes" }
[24/08/2022 - 14:04:48 PM] error: E11000 duplicate key error collection: tscmdb.integrationconfigs index: integrationId_1 dup key: { integrationId: ObjectId('6287a3ba0fc43eb444f924ed') }
[24/08/2022 - 14:04:48 PM] Token gerado com sucesso. UserId: 62a77ec1ca1be5d360b514f0
[24/08/2022 - 14:04:48 PM] Token gerado com sucesso. UserId: 62a77ec1ca1be5d360b514f0
[24/08/2022 - 14:12:30 PM] Requisição de criação de integração efetuada...
[24/08/2022 - 14:12:30 PM] Token de autenticação undefined
[24/08/2022 - 14:12:30 PM] Token de autenticação undefined
[24/08/2022 - 14:12:30 PM] Token de autenticação undefined
[24/08/2022 - 14:12:30 PM] Dados: 
[24/08/2022 - 14:12:30 PM] Executando query: SELECT table_name, 
            count(*) as column_count from information_schema."columns" 
            where table_schema = 'public' 
            GROUP by table_name 
            order by column_count desc
[24/08/2022 - 14:12:32 PM] Banco de dados da aplicação conectado ✓
[24/08/2022 - 14:12:32 PM] Banco de dados da aplicação conectado ✓
[24/08/2022 - 14:12:32 PM] Banco de dados da aplicação conectado ✓
[24/08/2022 - 14:12:32 PM] Banco de dados da aplicação conectado ✓
[24/08/2022 - 14:12:32 PM] Banco de dados da aplicação conectado ✓
[24/08/2022 - 14:12:32 PM] Banco de dados da aplicação conectado ✓
[24/08/2022 - 14:12:33 PM] error: Erro: E11000 duplicate key error collection: tscmdb.integrations index: name_1 dup key: { name: "Hospital de testes" }
[24/08/2022 - 14:12:33 PM] error: E11000 duplicate key error collection: tscmdb.integrationconfigs index: integrationId_1 dup key: { integrationId: ObjectId('6287a3ba0fc43eb444f924ed') }
[24/08/2022 - 14:12:33 PM] Token gerado com sucesso. UserId: 62a77ec1ca1be5d360b514f0
[24/08/2022 - 14:12:34 PM] Token gerado com sucesso. UserId: 62a77ec1ca1be5d360b514f0
[24/08/2022 - 14:17:00 PM] Token de autenticação undefined
[24/08/2022 - 14:17:00 PM] Requisição de criação de integração efetuada...
[24/08/2022 - 14:17:00 PM] Token de autenticação undefined
[24/08/2022 - 14:17:00 PM] Token de autenticação undefined
[24/08/2022 - 14:17:00 PM] Dados: 
[24/08/2022 - 14:17:00 PM] Executando query: SELECT table_name, 
            count(*) as column_count from information_schema."columns" 
            where table_schema = 'public' 
            GROUP by table_name 
            order by column_count desc
[24/08/2022 - 14:17:02 PM] Banco de dados da aplicação conectado ✓
[24/08/2022 - 14:17:02 PM] Banco de dados da aplicação conectado ✓
[24/08/2022 - 14:17:02 PM] Banco de dados da aplicação conectado ✓
[24/08/2022 - 14:17:02 PM] Banco de dados da aplicação conectado ✓
[24/08/2022 - 14:17:02 PM] Banco de dados da aplicação conectado ✓
[24/08/2022 - 14:17:02 PM] Banco de dados da aplicação conectado ✓
[24/08/2022 - 14:17:03 PM] Integração criada com sucesso. UserId: 6286dd0788852319a754a159
[24/08/2022 - 14:17:03 PM] Configuração da integração criada com sucesso. UserId: undefined 
[24/08/2022 - 14:17:03 PM] Token gerado com sucesso. UserId: 62e7dd003a458310cef8e9fc
[24/08/2022 - 14:17:04 PM] Token gerado com sucesso. UserId: 62e7dd003a458310cef8e9fc
[24/08/2022 - 14:19:56 PM] Requisição de criação de integração efetuada...
[24/08/2022 - 14:20:05 PM] Executando query: SELECT table_name, 
            count(*) as column_count from information_schema."columns" 
            where table_schema = 'public' 
            GROUP by table_name 
            order by column_count desc
[24/08/2022 - 14:19:56 PM] Dados: 
[24/08/2022 - 14:20:06 PM] error: Operation `users.findOne()` buffering timed out after 10000ms
[24/08/2022 - 14:20:06 PM] error: Operation `companies.insertOne()` buffering timed out after 10000ms
[24/08/2022 - 14:20:06 PM] error: Erro: Operation `users.insertOne()` buffering timed out after 10000ms
[24/08/2022 - 14:20:07 PM] Banco de dados da aplicação conectado ✓
[24/08/2022 - 14:20:07 PM] Banco de dados da aplicação conectado ✓
[24/08/2022 - 14:20:07 PM] Banco de dados da aplicação conectado ✓
[24/08/2022 - 14:20:07 PM] Banco de dados da aplicação conectado ✓
[24/08/2022 - 14:20:07 PM] Banco de dados da aplicação conectado ✓
[24/08/2022 - 14:20:07 PM] Banco de dados da aplicação conectado ✓
[24/08/2022 - 14:20:08 PM] error: Erro: E11000 duplicate key error collection: tscmtst.users index: email_1 dup key: { email: "augustoqueiros@gmail.com" }
[24/08/2022 - 14:20:08 PM] error: Right-hand side of 'instanceof' is not callable
[24/08/2022 - 14:20:08 PM] error: Erro: Right-hand side of 'instanceof' is not callable
[24/08/2022 - 14:20:09 PM] Token gerado com sucesso. UserId: 62e7dd003a458310cef8e9fc
[24/08/2022 - 14:31:41 PM] Requisição de criação de integração efetuada...
[24/08/2022 - 14:31:41 PM] Dados: 
[24/08/2022 - 14:31:41 PM] Executando query: SELECT table_name, 
            count(*) as column_count from information_schema."columns" 
            where table_schema = 'public' 
            GROUP by table_name 
            order by column_count desc
[24/08/2022 - 14:31:43 PM] Banco de dados da aplicação conectado ✓
[24/08/2022 - 14:31:43 PM] Banco de dados da aplicação conectado ✓
[24/08/2022 - 14:31:44 PM] Empresa criada com sucesso pelo usuário: undefined
[24/08/2022 - 14:31:44 PM] Configuração da integração criada com sucesso. UserId: undefined 
[24/08/2022 - 14:31:47 PM] Banco de dados da aplicação conectado ✓
[24/08/2022 - 14:31:47 PM] Banco de dados da aplicação conectado ✓
[24/08/2022 - 14:31:47 PM] Banco de dados da aplicação conectado ✓
[24/08/2022 - 14:31:47 PM] Banco de dados da aplicação conectado ✓
[24/08/2022 - 14:31:48 PM] Usuário criado com sucesso.
[24/08/2022 - 14:31:48 PM] error: Erro: Right-hand side of 'instanceof' is not callable
[24/08/2022 - 14:31:48 PM] error: Erro: E11000 duplicate key error collection: tscmtst.users index: email_1 dup key: { email: "augustoqueiros@gmail.com" }
[24/08/2022 - 14:31:49 PM] Token gerado com sucesso. UserId: 62e7dd003a458310cef8e9fc
[24/08/2022 - 14:31:49 PM] Token gerado com sucesso. UserId: 62e7dd003a458310cef8e9fc
[24/08/2022 - 14:56:00 PM] Requisição de criação de integração efetuada...
[24/08/2022 - 14:56:00 PM] Dados: 
[24/08/2022 - 14:56:00 PM] Executando query: SELECT table_name, 
            count(*) as column_count from information_schema."columns" 
            where table_schema = 'public' 
            GROUP by table_name 
            order by column_count desc
[24/08/2022 - 14:56:02 PM] Banco de dados da aplicação conectado ✓
[24/08/2022 - 14:56:02 PM] Banco de dados da aplicação conectado ✓
[24/08/2022 - 14:56:02 PM] Banco de dados da aplicação conectado ✓
[24/08/2022 - 14:56:02 PM] Banco de dados da aplicação conectado ✓
[24/08/2022 - 14:56:03 PM] Usuário criado com sucesso.
[24/08/2022 - 14:56:03 PM] Empresa criada com sucesso pelo usuário: undefined
[24/08/2022 - 14:56:04 PM] Configuração da integração criada com sucesso. UserId: undefined 
[24/08/2022 - 14:56:04 PM] Token gerado com sucesso. UserId: 62e7dd003a458310cef8e9fc
[24/08/2022 - 14:56:04 PM] error: Erro: E11000 duplicate key error collection: tscmtst.users index: email_1 dup key: { email: "augustoqueiros@gmail.com" }
[24/08/2022 - 14:56:04 PM] Token gerado com sucesso. UserId: 62e7dd003a458310cef8e9fc
[24/08/2022 - 14:57:51 PM] Requisição de criação de integração efetuada...
[24/08/2022 - 14:57:51 PM] Dados: 
[24/08/2022 - 14:57:52 PM] Executando query: SELECT table_name, 
            count(*) as column_count from information_schema."columns" 
            where table_schema = 'public' 
            GROUP by table_name 
            order by column_count desc
[24/08/2022 - 14:57:56 PM] Banco de dados da aplicação conectado ✓
[24/08/2022 - 14:57:57 PM] Banco de dados da aplicação conectado ✓
[24/08/2022 - 14:57:57 PM] Banco de dados da aplicação conectado ✓
[24/08/2022 - 14:57:57 PM] Empresa criada com sucesso pelo usuário: undefined
[24/08/2022 - 14:57:58 PM] Banco de dados da aplicação conectado ✓
[24/08/2022 - 14:57:58 PM] Banco de dados da aplicação conectado ✓
[24/08/2022 - 14:57:58 PM] Token gerado com sucesso. UserId: 62e7dd003a458310cef8e9fc
[24/08/2022 - 14:57:59 PM] Token gerado com sucesso. UserId: 62e7dd003a458310cef8e9fc
[24/08/2022 - 14:57:59 PM] error: Erro: Right-hand side of 'instanceof' is not callable
[24/08/2022 - 14:57:59 PM] Configuração da integração criada com sucesso. UserId: undefined 
[24/08/2022 - 14:58:00 PM] Banco de dados da aplicação conectado ✓
[24/08/2022 - 14:58:01 PM] Usuário criado com sucesso.
[24/08/2022 - 14:58:01 PM] error: Erro: E11000 duplicate key error collection: tscmtst.users index: email_1 dup key: { email: "augustoqueiros@gmail.com" }
[24/08/2022 - 15:00:32 PM] Requisição de criação de integração efetuada...
[24/08/2022 - 15:00:32 PM] Dados: 
[24/08/2022 - 15:00:32 PM] Executando query: SELECT table_name, 
            count(*) as column_count from information_schema."columns" 
            where table_schema = 'public' 
            GROUP by table_name 
            order by column_count desc
[24/08/2022 - 15:00:33 PM] Banco de dados da aplicação conectado ✓
[24/08/2022 - 15:00:33 PM] Banco de dados da aplicação conectado ✓
[24/08/2022 - 15:00:33 PM] Banco de dados da aplicação conectado ✓
[24/08/2022 - 15:00:33 PM] Banco de dados da aplicação conectado ✓
[24/08/2022 - 15:00:34 PM] Banco de dados da aplicação conectado ✓
[24/08/2022 - 15:00:34 PM] Usuário criado com sucesso.
[24/08/2022 - 15:00:35 PM] Integração criada com sucesso. UserId: 6286dd0788852319a754a159
[24/08/2022 - 15:00:35 PM] Configuração da integração criada com sucesso. UserId: undefined 
[24/08/2022 - 15:00:35 PM] Token gerado com sucesso. UserId: 62e7dd003a458310cef8e9fc
[24/08/2022 - 15:00:35 PM] error: Erro: E11000 duplicate key error collection: tscmtst.users index: email_1 dup key: { email: "augustoqueiros@gmail.com" }
[24/08/2022 - 15:00:36 PM] Token gerado com sucesso. UserId: 62e7dd003a458310cef8e9fc
[24/08/2022 - 15:01:50 PM] Requisição de criação de integração efetuada...
[24/08/2022 - 15:01:50 PM] Dados: 
[24/08/2022 - 15:01:50 PM] Executando query: SELECT table_name, 
            count(*) as column_count from information_schema."columns" 
            where table_schema = 'public' 
            GROUP by table_name 
            order by column_count desc
[24/08/2022 - 15:01:51 PM] Banco de dados da aplicação conectado ✓
[24/08/2022 - 15:01:51 PM] Banco de dados da aplicação conectado ✓
[24/08/2022 - 15:01:51 PM] Banco de dados da aplicação conectado ✓
[24/08/2022 - 15:01:52 PM] Banco de dados da aplicação conectado ✓
[24/08/2022 - 15:01:52 PM] Banco de dados da aplicação conectado ✓
[24/08/2022 - 15:01:52 PM] Banco de dados da aplicação conectado ✓
[24/08/2022 - 15:01:52 PM] Usuário criado com sucesso.
[24/08/2022 - 15:01:52 PM] error: E11000 duplicate key error collection: tscmtst.companies index: name_1 dup key: { name: "HOUSE HEALTH" }
[24/08/2022 - 15:01:53 PM] Integração criada com sucesso. UserId: 6286dd0788852319a754a159
[24/08/2022 - 15:01:53 PM] Configuração da integração criada com sucesso. UserId: undefined 
[24/08/2022 - 15:01:53 PM] Token gerado com sucesso. UserId: 62e7dd003a458310cef8e9fc
[24/08/2022 - 15:01:53 PM] error: Erro: E11000 duplicate key error collection: tscmtst.users index: email_1 dup key: { email: "augustoqueiros@gmail.com" }
[24/08/2022 - 15:01:54 PM] Token gerado com sucesso. UserId: 62e7dd003a458310cef8e9fc
[24/08/2022 - 15:05:17 PM] Requisição de criação de integração efetuada...
[24/08/2022 - 15:05:17 PM] Dados: 
[24/08/2022 - 15:05:18 PM] Executando query: SELECT table_name, 
            count(*) as column_count from information_schema."columns" 
            where table_schema = 'public' 
            GROUP by table_name 
            order by column_count desc
[24/08/2022 - 15:05:18 PM] Banco de dados da aplicação conectado ✓
[24/08/2022 - 15:05:18 PM] Banco de dados da aplicação conectado ✓
[24/08/2022 - 15:05:18 PM] Banco de dados da aplicação conectado ✓
[24/08/2022 - 15:05:18 PM] Banco de dados da aplicação conectado ✓
[24/08/2022 - 15:05:18 PM] Banco de dados da aplicação conectado ✓
[24/08/2022 - 15:05:19 PM] Banco de dados da aplicação conectado ✓
[24/08/2022 - 15:05:19 PM] Usuário criado com sucesso.
[24/08/2022 - 15:05:20 PM] Integração criada com sucesso. UserId: 6286dd0788852319a754a159
[24/08/2022 - 15:05:20 PM] Configuração da integração criada com sucesso. UserId: undefined 
[24/08/2022 - 15:05:20 PM] Token gerado com sucesso. UserId: 62e7dd003a458310cef8e9fc
[24/08/2022 - 15:05:20 PM] error: Erro: E11000 duplicate key error collection: tscmtst.users index: email_1 dup key: { email: "augustoqueiros@gmail.com" }
[24/08/2022 - 15:05:21 PM] error: E11000 duplicate key error collection: tscmtst.companies index: name_1 dup key: { name: "HOUSE HEALTH" }
[24/08/2022 - 15:05:21 PM] Token gerado com sucesso. UserId: 62e7dd003a458310cef8e9fc
[24/08/2022 - 15:09:03 PM] Requisição de criação de integração efetuada...
[24/08/2022 - 15:09:03 PM] Dados: 
[24/08/2022 - 15:09:04 PM] Executando query: SELECT table_name, 
            count(*) as column_count from information_schema."columns" 
            where table_schema = 'public' 
            GROUP by table_name 
            order by column_count desc
[24/08/2022 - 15:09:05 PM] Banco de dados da aplicação conectado ✓
[24/08/2022 - 15:09:05 PM] Banco de dados da aplicação conectado ✓
[24/08/2022 - 15:09:05 PM] Banco de dados da aplicação conectado ✓
[24/08/2022 - 15:09:05 PM] Banco de dados da aplicação conectado ✓
[24/08/2022 - 15:09:05 PM] Banco de dados da aplicação conectado ✓
[24/08/2022 - 15:09:05 PM] Banco de dados da aplicação conectado ✓
[24/08/2022 - 15:09:06 PM] Usuário criado com sucesso.
[24/08/2022 - 15:09:06 PM] Empresa criada com sucesso pelo usuário: undefined
[24/08/2022 - 15:09:06 PM] Integração criada com sucesso. UserId: 6286dd0788852319a754a159
[24/08/2022 - 15:09:06 PM] Configuração da integração criada com sucesso. UserId: undefined 
[24/08/2022 - 15:09:07 PM] Token gerado com sucesso. UserId: 62e7dd003a458310cef8e9fc
[24/08/2022 - 15:09:07 PM] error: Erro: E11000 duplicate key error collection: tscmtst.users index: email_1 dup key: { email: "augustoqueiros@gmail.com" }
[24/08/2022 - 15:09:07 PM] Token gerado com sucesso. UserId: 62e7dd003a458310cef8e9fc
[24/08/2022 - 15:11:23 PM] Requisição de criação de integração efetuada...
[24/08/2022 - 15:11:23 PM] Dados: 
[24/08/2022 - 15:11:24 PM] Executando query: SELECT table_name, 
            count(*) as column_count from information_schema."columns" 
            where table_schema = 'public' 
            GROUP by table_name 
            order by column_count desc
[24/08/2022 - 15:11:25 PM] Banco de dados da aplicação conectado ✓
[24/08/2022 - 15:11:25 PM] Banco de dados da aplicação conectado ✓
[24/08/2022 - 15:11:25 PM] Banco de dados da aplicação conectado ✓
[24/08/2022 - 15:11:25 PM] Banco de dados da aplicação conectado ✓
[24/08/2022 - 15:11:25 PM] Banco de dados da aplicação conectado ✓
[24/08/2022 - 15:11:25 PM] Banco de dados da aplicação conectado ✓
[24/08/2022 - 15:11:26 PM] error: Erro: E11000 duplicate key error collection: tscmdb.users index: email_1 dup key: { email: "lucasantonio@gmail.com" }
[24/08/2022 - 15:11:26 PM] error: E11000 duplicate key error collection: tscmdb.companies index: name_1 dup key: { name: "HOUSE HEALTH" }
[24/08/2022 - 15:11:26 PM] error: Erro: E11000 duplicate key error collection: tscmdb.integrations index: name_1 dup key: { name: "Hospital de testes" }
[24/08/2022 - 15:11:26 PM] error: E11000 duplicate key error collection: tscmdb.integrationconfigs index: integrationId_1 dup key: { integrationId: ObjectId('6287a3ba0fc43eb444f924ed') }
[24/08/2022 - 15:11:26 PM] error: Erro: E11000 duplicate key error collection: tscmdb.users index: email_1 dup key: { email: "augustoqueiros@gmail.com" }
[24/08/2022 - 15:11:27 PM] Token gerado com sucesso. UserId: 62a77ec1ca1be5d360b514f0
[24/08/2022 - 15:11:27 PM] Token gerado com sucesso. UserId: 62a77ec1ca1be5d360b514f0
[24/08/2022 - 15:31:38 PM] Requisição de criação de integração efetuada...
[24/08/2022 - 15:31:38 PM] Dados: 
[24/08/2022 - 15:31:39 PM] Executando query: SELECT table_name, 
            count(*) as column_count from information_schema."columns" 
            where table_schema = 'public' 
            GROUP by table_name 
            order by column_count desc
[24/08/2022 - 15:31:41 PM] Banco de dados da aplicação conectado ✓
[24/08/2022 - 15:31:41 PM] Banco de dados da aplicação conectado ✓
[24/08/2022 - 15:31:41 PM] Banco de dados da aplicação conectado ✓
[24/08/2022 - 15:31:41 PM] Banco de dados da aplicação conectado ✓
[24/08/2022 - 15:31:41 PM] Banco de dados da aplicação conectado ✓
[24/08/2022 - 15:31:41 PM] Banco de dados da aplicação conectado ✓
[24/08/2022 - 15:31:42 PM] Usuário criado com sucesso.
[24/08/2022 - 15:31:42 PM] error: Erro: E11000 duplicate key error collection: tscmdb.integrations index: name_1 dup key: { name: "Hospital de testes" }
[24/08/2022 - 15:31:42 PM] error: E11000 duplicate key error collection: tscmdb.companies index: name_1 dup key: { name: "HOUSE HEALTH" }
[24/08/2022 - 15:31:42 PM] error: E11000 duplicate key error collection: tscmdb.integrationconfigs index: integrationId_1 dup key: { integrationId: ObjectId('6287a3ba0fc43eb444f924ed') }
[24/08/2022 - 15:31:43 PM] Token gerado com sucesso. UserId: 62a77ec1ca1be5d360b514f0
[24/08/2022 - 15:31:43 PM] error: Erro: E11000 duplicate key error collection: tscmdb.users index: email_1 dup key: { email: "augustoqueiros@gmail.com" }
[24/08/2022 - 15:31:43 PM] Token gerado com sucesso. UserId: 62a77ec1ca1be5d360b514f0
[24/08/2022 - 15:34:43 PM] Requisição de criação de integração efetuada...
[24/08/2022 - 15:34:43 PM] Dados: 
[24/08/2022 - 15:34:43 PM] Executando query: SELECT table_name, 
            count(*) as column_count from information_schema."columns" 
            where table_schema = 'public' 
            GROUP by table_name 
            order by column_count desc
[24/08/2022 - 15:34:44 PM] Banco de dados da aplicação conectado ✓
[24/08/2022 - 15:34:44 PM] Banco de dados da aplicação conectado ✓
[24/08/2022 - 15:34:44 PM] Banco de dados da aplicação conectado ✓
[24/08/2022 - 15:34:44 PM] Banco de dados da aplicação conectado ✓
[24/08/2022 - 15:34:44 PM] Banco de dados da aplicação conectado ✓
[24/08/2022 - 15:34:44 PM] Banco de dados da aplicação conectado ✓
[24/08/2022 - 15:34:45 PM] error: Erro: E11000 duplicate key error collection: tscmdb.users index: email_1 dup key: { email: "lucasantonio01@gmail.com" }
[24/08/2022 - 15:34:45 PM] error: Erro: E11000 duplicate key error collection: tscmdb.integrations index: name_1 dup key: { name: "Hospital de testes" }
[24/08/2022 - 15:34:46 PM] error: E11000 duplicate key error collection: tscmdb.integrationconfigs index: integrationId_1 dup key: { integrationId: ObjectId('6287a3ba0fc43eb444f924ed') }
[24/08/2022 - 15:34:46 PM] Token gerado com sucesso. UserId: 62a77ec1ca1be5d360b514f0
[24/08/2022 - 15:34:46 PM] error: Erro: E11000 duplicate key error collection: tscmdb.users index: email_1 dup key: { email: "augustoqueiros@gmail.com" }
[24/08/2022 - 15:34:46 PM] Token gerado com sucesso. UserId: 62a77ec1ca1be5d360b514f0
[24/08/2022 - 15:38:22 PM] Requisição de criação de integração efetuada...
[24/08/2022 - 15:38:22 PM] Dados: 
[24/08/2022 - 15:38:22 PM] Executando query: SELECT table_name, 
            count(*) as column_count from information_schema."columns" 
            where table_schema = 'public' 
            GROUP by table_name 
            order by column_count desc
[24/08/2022 - 15:38:27 PM] Banco de dados da aplicação conectado ✓
[24/08/2022 - 15:38:27 PM] Banco de dados da aplicação conectado ✓
[24/08/2022 - 15:38:27 PM] Banco de dados da aplicação conectado ✓
[24/08/2022 - 15:38:28 PM] error: Erro: Right-hand side of 'instanceof' is not callable
[24/08/2022 - 15:38:30 PM] Banco de dados da aplicação conectado ✓
[24/08/2022 - 15:38:30 PM] Banco de dados da aplicação conectado ✓
[24/08/2022 - 15:38:30 PM] Banco de dados da aplicação conectado ✓
[24/08/2022 - 15:38:31 PM] error: Erro: E11000 duplicate key error collection: tscmdb.users index: email_1 dup key: { email: "lucasantonio01@gmail.com" }
[24/08/2022 - 15:38:31 PM] error: Erro: E11000 duplicate key error collection: tscmdb.users index: email_1 dup key: { email: "augustoqueiros@gmail.com" }
[24/08/2022 - 15:38:32 PM] error: E11000 duplicate key error collection: tscmdb.integrationconfigs index: integrationId_1 dup key: { integrationId: ObjectId('6287a3ba0fc43eb444f924ed') }
[24/08/2022 - 15:38:32 PM] Token gerado com sucesso. UserId: 62a77ec1ca1be5d360b514f0
[24/08/2022 - 15:38:32 PM] Token gerado com sucesso. UserId: 62a77ec1ca1be5d360b514f0
[24/08/2022 - 15:44:17 PM] Requisição de criação de integração efetuada...
[24/08/2022 - 15:44:17 PM] Dados: 
[24/08/2022 - 15:44:18 PM] Executando query: SELECT table_name, 
            count(*) as column_count from information_schema."columns" 
            where table_schema = 'public' 
            GROUP by table_name 
            order by column_count desc
[24/08/2022 - 15:44:19 PM] Banco de dados da aplicação conectado ✓
[24/08/2022 - 15:44:19 PM] Banco de dados da aplicação conectado ✓
[24/08/2022 - 15:44:19 PM] Banco de dados da aplicação conectado ✓
[24/08/2022 - 15:44:19 PM] Banco de dados da aplicação conectado ✓
[24/08/2022 - 15:44:19 PM] Banco de dados da aplicação conectado ✓
[24/08/2022 - 15:44:19 PM] Banco de dados da aplicação conectado ✓
[24/08/2022 - 15:44:20 PM] error: Erro: E11000 duplicate key error collection: tscmdb.users index: email_1 dup key: { email: "lucasantonio01@gmail.com" }
[24/08/2022 - 15:44:20 PM] Empresa criada com sucesso pelo usuário: undefined
[24/08/2022 - 15:44:21 PM] error: Erro: E11000 duplicate key error collection: tscmdb.integrations index: name_1 dup key: { name: "Hospital de testes" }
[24/08/2022 - 15:44:21 PM] error: E11000 duplicate key error collection: tscmdb.integrationconfigs index: integrationId_1 dup key: { integrationId: ObjectId('6287a3ba0fc43eb444f924ed') }
[24/08/2022 - 15:44:21 PM] error: Erro: E11000 duplicate key error collection: tscmdb.users index: email_1 dup key: { email: "augustoqueiros@gmail.com" }
[24/08/2022 - 15:44:21 PM] Token gerado com sucesso. UserId: 62a77ec1ca1be5d360b514f0
[24/08/2022 - 15:44:22 PM] Token gerado com sucesso. UserId: 62a77ec1ca1be5d360b514f0
[24/08/2022 - 15:49:24 PM] Requisição de criação de integração efetuada...
[24/08/2022 - 15:49:24 PM] Dados: 
[24/08/2022 - 15:49:24 PM] Executando query: SELECT table_name, 
            count(*) as column_count from information_schema."columns" 
            where table_schema = 'public' 
            GROUP by table_name 
            order by column_count desc
[24/08/2022 - 15:49:29 PM] Banco de dados da aplicação conectado ✓
[24/08/2022 - 15:49:29 PM] Banco de dados da aplicação conectado ✓
[24/08/2022 - 15:49:29 PM] Banco de dados da aplicação conectado ✓
[24/08/2022 - 15:49:29 PM] Banco de dados da aplicação conectado ✓
[24/08/2022 - 15:49:29 PM] Banco de dados da aplicação conectado ✓
[24/08/2022 - 15:49:29 PM] Banco de dados da aplicação conectado ✓
[24/08/2022 - 15:49:30 PM] Empresa criada com sucesso pelo usuário: undefined
[24/08/2022 - 15:49:30 PM] error: Erro: E11000 duplicate key error collection: tscmdb.users index: email_1 dup key: { email: "lucasantonio01@gmail.com" }
[24/08/2022 - 15:49:30 PM] error: Erro: Right-hand side of 'instanceof' is not callable
[24/08/2022 - 15:49:31 PM] error: Erro: E11000 duplicate key error collection: tscmdb.users index: email_1 dup key: { email: "augustoqueiros@gmail.com" }
[24/08/2022 - 15:49:31 PM] error: E11000 duplicate key error collection: tscmdb.integrationconfigs index: integrationId_1 dup key: { integrationId: ObjectId('6287a3ba0fc43eb444f924ed') }
[24/08/2022 - 15:49:31 PM] Token gerado com sucesso. UserId: 62a77ec1ca1be5d360b514f0
[24/08/2022 - 15:49:31 PM] Token gerado com sucesso. UserId: 62a77ec1ca1be5d360b514f0
[24/08/2022 - 15:53:06 PM] Requisição de criação de integração efetuada...
[24/08/2022 - 15:53:06 PM] Dados: 
[24/08/2022 - 15:53:06 PM] Executando query: SELECT table_name, 
            count(*) as column_count from information_schema."columns" 
            where table_schema = 'public' 
            GROUP by table_name 
            order by column_count desc
[24/08/2022 - 15:53:07 PM] Banco de dados da aplicação conectado ✓
[24/08/2022 - 15:53:08 PM] Banco de dados da aplicação conectado ✓
[24/08/2022 - 15:53:08 PM] Banco de dados da aplicação conectado ✓
[24/08/2022 - 15:53:08 PM] Banco de dados da aplicação conectado ✓
[24/08/2022 - 15:53:08 PM] Banco de dados da aplicação conectado ✓
[24/08/2022 - 15:53:08 PM] Banco de dados da aplicação conectado ✓
[24/08/2022 - 15:53:08 PM] error: Erro: E11000 duplicate key error collection: tscmdb.users index: email_1 dup key: { email: "lucasantonio01@gmail.com" }
[24/08/2022 - 15:53:09 PM] error: Erro: E11000 duplicate key error collection: tscmdb.integrations index: name_1 dup key: { name: "Hospital de testes" }
[24/08/2022 - 15:53:09 PM] error: E11000 duplicate key error collection: tscmdb.companies index: name_1 dup key: { name: "EMPRESA DE TESTES" }
[24/08/2022 - 15:53:09 PM] error: Erro: E11000 duplicate key error collection: tscmdb.users index: email_1 dup key: { email: "augustoqueiros@gmail.com" }
[24/08/2022 - 15:53:09 PM] error: E11000 duplicate key error collection: tscmdb.integrationconfigs index: integrationId_1 dup key: { integrationId: ObjectId('6287a3ba0fc43eb444f924ed') }
[24/08/2022 - 15:53:09 PM] Token gerado com sucesso. UserId: 62a77ec1ca1be5d360b514f0
[24/08/2022 - 15:53:10 PM] Token gerado com sucesso. UserId: 62a77ec1ca1be5d360b514f0
[24/08/2022 - 15:54:12 PM] Requisição de criação de integração efetuada...
[24/08/2022 - 15:54:12 PM] Dados: 
[24/08/2022 - 15:54:13 PM] Executando query: SELECT table_name, 
            count(*) as column_count from information_schema."columns" 
            where table_schema = 'public' 
            GROUP by table_name 
            order by column_count desc
[24/08/2022 - 15:54:14 PM] Banco de dados da aplicação conectado ✓
[24/08/2022 - 15:54:14 PM] Banco de dados da aplicação conectado ✓
[24/08/2022 - 15:54:14 PM] Banco de dados da aplicação conectado ✓
[24/08/2022 - 15:54:14 PM] Banco de dados da aplicação conectado ✓
[24/08/2022 - 15:54:14 PM] Banco de dados da aplicação conectado ✓
[24/08/2022 - 15:54:14 PM] Banco de dados da aplicação conectado ✓
[24/08/2022 - 15:54:15 PM] error: Erro: E11000 duplicate key error collection: tscmdb.users index: email_1 dup key: { email: "lucasantonio01@gmail.com" }
[24/08/2022 - 15:54:15 PM] Empresa criada com sucesso pelo usuário: undefined
[24/08/2022 - 15:54:15 PM] error: Erro: E11000 duplicate key error collection: tscmdb.integrations index: name_1 dup key: { name: "Hospital de testes" }
[24/08/2022 - 15:54:16 PM] error: E11000 duplicate key error collection: tscmdb.integrationconfigs index: integrationId_1 dup key: { integrationId: ObjectId('6287a3ba0fc43eb444f924ed') }
[24/08/2022 - 15:54:16 PM] error: Erro: E11000 duplicate key error collection: tscmdb.users index: email_1 dup key: { email: "augustoqueiros@gmail.com" }
[24/08/2022 - 15:54:16 PM] Token gerado com sucesso. UserId: 62a77ec1ca1be5d360b514f0
[24/08/2022 - 15:54:17 PM] Token gerado com sucesso. UserId: 62a77ec1ca1be5d360b514f0
[24/08/2022 - 15:54:59 PM] Requisição de criação de integração efetuada...
[24/08/2022 - 15:54:59 PM] Dados: 
[24/08/2022 - 15:55:00 PM] Executando query: SELECT table_name, 
            count(*) as column_count from information_schema."columns" 
            where table_schema = 'public' 
            GROUP by table_name 
            order by column_count desc
[24/08/2022 - 15:55:01 PM] Banco de dados da aplicação conectado ✓
[24/08/2022 - 15:55:01 PM] Banco de dados da aplicação conectado ✓
[24/08/2022 - 15:55:01 PM] Banco de dados da aplicação conectado ✓
[24/08/2022 - 15:55:01 PM] Banco de dados da aplicação conectado ✓
[24/08/2022 - 15:55:01 PM] Banco de dados da aplicação conectado ✓
[24/08/2022 - 15:55:01 PM] Banco de dados da aplicação conectado ✓
[24/08/2022 - 15:55:02 PM] error: Erro: E11000 duplicate key error collection: tscmdb.users index: email_1 dup key: { email: "lucasantonio01@gmail.com" }
[24/08/2022 - 15:55:02 PM] Empresa criada com sucesso pelo usuário: undefined
[24/08/2022 - 15:55:02 PM] error: Erro: E11000 duplicate key error collection: tscmdb.integrations index: name_1 dup key: { name: "Hospital de testes" }
[24/08/2022 - 15:55:02 PM] error: Erro: E11000 duplicate key error collection: tscmdb.users index: email_1 dup key: { email: "augustoqueiros@gmail.com" }
[24/08/2022 - 15:55:02 PM] error: E11000 duplicate key error collection: tscmdb.integrationconfigs index: integrationId_1 dup key: { integrationId: ObjectId('6287a3ba0fc43eb444f924ed') }
[24/08/2022 - 15:55:03 PM] Token gerado com sucesso. UserId: 62a77ec1ca1be5d360b514f0
[24/08/2022 - 15:55:03 PM] Token gerado com sucesso. UserId: 62a77ec1ca1be5d360b514f0
[24/08/2022 - 15:55:43 PM] Requisição de criação de integração efetuada...
[24/08/2022 - 15:55:43 PM] Dados: 
[24/08/2022 - 15:55:44 PM] Executando query: SELECT table_name, 
            count(*) as column_count from information_schema."columns" 
            where table_schema = 'public' 
            GROUP by table_name 
            order by column_count desc
[24/08/2022 - 15:55:45 PM] Banco de dados da aplicação conectado ✓
[24/08/2022 - 15:55:45 PM] Banco de dados da aplicação conectado ✓
[24/08/2022 - 15:55:45 PM] Banco de dados da aplicação conectado ✓
[24/08/2022 - 15:55:45 PM] Banco de dados da aplicação conectado ✓
[24/08/2022 - 15:55:45 PM] Banco de dados da aplicação conectado ✓
[24/08/2022 - 15:55:45 PM] Banco de dados da aplicação conectado ✓
[24/08/2022 - 15:55:46 PM] error: Erro: E11000 duplicate key error collection: tscmdb.users index: email_1 dup key: { email: "lucasantonio01@gmail.com" }
[24/08/2022 - 15:55:46 PM] Empresa criada com sucesso pelo usuário: undefined
[24/08/2022 - 15:55:46 PM] error: Erro: E11000 duplicate key error collection: tscmdb.integrations index: name_1 dup key: { name: "Hospital de testes" }
[24/08/2022 - 15:55:47 PM] error: E11000 duplicate key error collection: tscmdb.integrationconfigs index: integrationId_1 dup key: { integrationId: ObjectId('6287a3ba0fc43eb444f924ed') }
[24/08/2022 - 15:55:47 PM] error: Erro: E11000 duplicate key error collection: tscmdb.users index: email_1 dup key: { email: "augustoqueiros@gmail.com" }
[24/08/2022 - 15:55:47 PM] Token gerado com sucesso. UserId: 62a77ec1ca1be5d360b514f0
[24/08/2022 - 15:55:47 PM] Token gerado com sucesso. UserId: 62a77ec1ca1be5d360b514f0
[24/08/2022 - 15:57:28 PM] Requisição de criação de integração efetuada...
[24/08/2022 - 15:57:28 PM] Dados: 
[24/08/2022 - 15:57:29 PM] Executando query: SELECT table_name, 
            count(*) as column_count from information_schema."columns" 
            where table_schema = 'public' 
            GROUP by table_name 
            order by column_count desc
[24/08/2022 - 15:57:34 PM] Banco de dados da aplicação conectado ✓
[24/08/2022 - 15:57:34 PM] Banco de dados da aplicação conectado ✓
[24/08/2022 - 15:57:34 PM] Banco de dados da aplicação conectado ✓
[24/08/2022 - 15:57:34 PM] Banco de dados da aplicação conectado ✓
[24/08/2022 - 15:57:34 PM] Banco de dados da aplicação conectado ✓
[24/08/2022 - 15:57:34 PM] Banco de dados da aplicação conectado ✓
[24/08/2022 - 15:57:35 PM] Empresa criada com sucesso pelo usuário: undefined
[24/08/2022 - 15:57:35 PM] error: Erro: Right-hand side of 'instanceof' is not callable
[24/08/2022 - 15:57:35 PM] error: Erro: E11000 duplicate key error collection: tscmdb.users index: email_1 dup key: { email: "lucasantonio01@gmail.com" }
[24/08/2022 - 15:57:36 PM] error: Erro: E11000 duplicate key error collection: tscmdb.users index: email_1 dup key: { email: "augustoqueiros@gmail.com" }
[24/08/2022 - 15:57:36 PM] error: E11000 duplicate key error collection: tscmdb.integrationconfigs index: integrationId_1 dup key: { integrationId: ObjectId('6287a3ba0fc43eb444f924ed') }
[24/08/2022 - 15:57:36 PM] Token gerado com sucesso. UserId: 62a77ec1ca1be5d360b514f0
[24/08/2022 - 15:57:36 PM] Token gerado com sucesso. UserId: 62a77ec1ca1be5d360b514f0
[24/08/2022 - 15:58:16 PM] Requisição de criação de integração efetuada...
[24/08/2022 - 15:58:16 PM] Dados: 
[24/08/2022 - 15:58:16 PM] Executando query: SELECT table_name, 
            count(*) as column_count from information_schema."columns" 
            where table_schema = 'public' 
            GROUP by table_name 
            order by column_count desc
[24/08/2022 - 15:58:17 PM] Banco de dados da aplicação conectado ✓
[24/08/2022 - 15:58:17 PM] Banco de dados da aplicação conectado ✓
[24/08/2022 - 15:58:18 PM] Banco de dados da aplicação conectado ✓
[24/08/2022 - 15:58:18 PM] Banco de dados da aplicação conectado ✓
[24/08/2022 - 15:58:18 PM] Banco de dados da aplicação conectado ✓
[24/08/2022 - 15:58:18 PM] Banco de dados da aplicação conectado ✓
[24/08/2022 - 15:58:18 PM] error: Erro: E11000 duplicate key error collection: tscmdb.integrations index: name_1 dup key: { name: "Hospital de testes" }
[24/08/2022 - 15:58:19 PM] error: Erro: E11000 duplicate key error collection: tscmdb.users index: email_1 dup key: { email: "lucasantonio01@gmail.com" }
[24/08/2022 - 15:58:19 PM] error: E11000 duplicate key error collection: tscmdb.companies index: name_1 dup key: { name: "EMPRESA DE TESTES" }
[24/08/2022 - 15:58:19 PM] Token gerado com sucesso. UserId: 62a77ec1ca1be5d360b514f0
[24/08/2022 - 15:58:19 PM] Token gerado com sucesso. UserId: 62a77ec1ca1be5d360b514f0
[24/08/2022 - 15:58:19 PM] error: E11000 duplicate key error collection: tscmdb.integrationconfigs index: integrationId_1 dup key: { integrationId: ObjectId('6287a3ba0fc43eb444f924ed') }
[24/08/2022 - 15:58:20 PM] error: Erro: E11000 duplicate key error collection: tscmdb.users index: email_1 dup key: { email: "augustoqueiros@gmail.com" }
[24/08/2022 - 16:02:03 PM] Requisição de criação de integração efetuada...
[24/08/2022 - 16:02:03 PM] Dados: 
[24/08/2022 - 16:02:03 PM] Executando query: SELECT table_name, 
            count(*) as column_count from information_schema."columns" 
            where table_schema = 'public' 
            GROUP by table_name 
            order by column_count desc
[24/08/2022 - 16:02:04 PM] Banco de dados da aplicação conectado ✓
[24/08/2022 - 16:02:04 PM] Banco de dados da aplicação conectado ✓
[24/08/2022 - 16:02:04 PM] Banco de dados da aplicação conectado ✓
[24/08/2022 - 16:02:04 PM] Banco de dados da aplicação conectado ✓
[24/08/2022 - 16:02:04 PM] Banco de dados da aplicação conectado ✓
[24/08/2022 - 16:02:05 PM] Banco de dados da aplicação conectado ✓
[24/08/2022 - 16:02:05 PM] error: Erro: E11000 duplicate key error collection: tscmdb.users index: email_1 dup key: { email: "lucasantonio01@gmail.com" }
[24/08/2022 - 16:02:05 PM] Empresa criada com sucesso pelo usuário: undefined
[24/08/2022 - 16:02:06 PM] error: Erro: E11000 duplicate key error collection: tscmdb.integrations index: name_1 dup key: { name: "Hospital de testes" }
[24/08/2022 - 16:02:06 PM] error: E11000 duplicate key error collection: tscmdb.integrationconfigs index: integrationId_1 dup key: { integrationId: ObjectId('6287a3ba0fc43eb444f924ed') }
[24/08/2022 - 16:02:06 PM] error: Erro: E11000 duplicate key error collection: tscmdb.users index: email_1 dup key: { email: "augustoqueiros@gmail.com" }
[24/08/2022 - 16:02:06 PM] Token gerado com sucesso. UserId: 62a77ec1ca1be5d360b514f0
[24/08/2022 - 16:02:07 PM] Token gerado com sucesso. UserId: 62a77ec1ca1be5d360b514f0
[24/08/2022 - 16:04:15 PM] Requisição de criação de integração efetuada...
[24/08/2022 - 16:04:15 PM] Dados: 
[24/08/2022 - 16:04:16 PM] Executando query: SELECT table_name, 
            count(*) as column_count from information_schema."columns" 
            where table_schema = 'public' 
            GROUP by table_name 
            order by column_count desc
[24/08/2022 - 16:04:17 PM] Banco de dados da aplicação conectado ✓
[24/08/2022 - 16:04:17 PM] Banco de dados da aplicação conectado ✓
[24/08/2022 - 16:04:17 PM] Banco de dados da aplicação conectado ✓
[24/08/2022 - 16:04:17 PM] Banco de dados da aplicação conectado ✓
[24/08/2022 - 16:04:17 PM] Banco de dados da aplicação conectado ✓
[24/08/2022 - 16:04:17 PM] Banco de dados da aplicação conectado ✓
[24/08/2022 - 16:04:18 PM] Usuário criado com sucesso.
[24/08/2022 - 16:04:18 PM] Empresa criada com sucesso pelo usuário: undefined
[24/08/2022 - 16:04:18 PM] error: Erro: E11000 duplicate key error collection: tscmdb.integrations index: name_1 dup key: { name: "Hospital de testes" }
[24/08/2022 - 16:04:19 PM] error: E11000 duplicate key error collection: tscmdb.integrationconfigs index: integrationId_1 dup key: { integrationId: ObjectId('6287a3ba0fc43eb444f924ed') }
[24/08/2022 - 16:04:19 PM] Token gerado com sucesso. UserId: 62a77ec1ca1be5d360b514f0
[24/08/2022 - 16:04:19 PM] error: Erro: E11000 duplicate key error collection: tscmdb.users index: email_1 dup key: { email: "augustoqueiros@gmail.com" }
[24/08/2022 - 16:04:19 PM] Token gerado com sucesso. UserId: 62a77ec1ca1be5d360b514f0
[24/08/2022 - 16:37:08 PM] Requisição de criação de integração efetuada...
[24/08/2022 - 16:37:08 PM] Dados: 
[24/08/2022 - 16:37:09 PM] Executando query: SELECT table_name, 
            count(*) as column_count from information_schema."columns" 
            where table_schema = 'public' 
            GROUP by table_name 
            order by column_count desc
[24/08/2022 - 16:37:09 PM] Banco de dados da aplicação conectado ✓
[24/08/2022 - 16:37:10 PM] Banco de dados da aplicação conectado ✓
[24/08/2022 - 16:37:10 PM] Banco de dados da aplicação conectado ✓
[24/08/2022 - 16:37:10 PM] Banco de dados da aplicação conectado ✓
[24/08/2022 - 16:37:10 PM] Banco de dados da aplicação conectado ✓
[24/08/2022 - 16:37:10 PM] Banco de dados da aplicação conectado ✓
[24/08/2022 - 16:37:10 PM] Empresa criada com sucesso pelo usuário: undefined
[24/08/2022 - 16:37:10 PM] Usuário criado com sucesso.
[24/08/2022 - 16:37:11 PM] error: integrationConfig validation failed: integrationId: Cast to ObjectId failed for value "6287a3ba0fc43eb444f9344ed" (type string) at path "integrationId"
[24/08/2022 - 16:37:11 PM] error: Erro: E11000 duplicate key error collection: tscmdb.integrations index: name_1 dup key: { name: "Hospital de testes" }
[24/08/2022 - 16:37:12 PM] Token gerado com sucesso. UserId: 62a77ec1ca1be5d360b514f0
[24/08/2022 - 16:37:12 PM] error: Erro: E11000 duplicate key error collection: tscmdb.users index: email_1 dup key: { email: "augustoqueiros@gmail.com" }
[24/08/2022 - 16:37:13 PM] Token gerado com sucesso. UserId: 62a77ec1ca1be5d360b514f0
[24/08/2022 - 16:39:30 PM] Requisição de criação de integração efetuada...
[24/08/2022 - 16:39:30 PM] Dados: 
[24/08/2022 - 16:39:30 PM] Executando query: SELECT table_name, 
            count(*) as column_count from information_schema."columns" 
            where table_schema = 'public' 
            GROUP by table_name 
            order by column_count desc
[24/08/2022 - 16:39:31 PM] Banco de dados da aplicação conectado ✓
[24/08/2022 - 16:39:31 PM] Banco de dados da aplicação conectado ✓
[24/08/2022 - 16:39:31 PM] Banco de dados da aplicação conectado ✓
[24/08/2022 - 16:39:31 PM] Banco de dados da aplicação conectado ✓
[24/08/2022 - 16:39:31 PM] Banco de dados da aplicação conectado ✓
[24/08/2022 - 16:39:31 PM] Banco de dados da aplicação conectado ✓
[24/08/2022 - 16:39:32 PM] Usuário criado com sucesso.
[24/08/2022 - 16:39:32 PM] Empresa criada com sucesso pelo usuário: undefined
[24/08/2022 - 16:39:32 PM] error: integrationConfig validation failed: integrationId: Cast to ObjectId failed for value "6287a3ba0fc43eb444f9344ed" (type string) at path "integrationId"
[24/08/2022 - 16:39:32 PM] error: Erro: E11000 duplicate key error collection: tscmdb.integrations index: name_1 dup key: { name: "Hospital de testes" }
[24/08/2022 - 16:39:32 PM] Token gerado com sucesso. UserId: 62a77ec1ca1be5d360b514f0
[24/08/2022 - 16:39:33 PM] error: Erro: E11000 duplicate key error collection: tscmdb.users index: email_1 dup key: { email: "augustoqueiros@gmail.com" }
[24/08/2022 - 16:39:33 PM] Token gerado com sucesso. UserId: 62a77ec1ca1be5d360b514f0
[24/08/2022 - 16:42:53 PM] Requisição de criação de integração efetuada...
[24/08/2022 - 16:42:53 PM] Dados: 
[24/08/2022 - 16:42:54 PM] Executando query: SELECT table_name, 
            count(*) as column_count from information_schema."columns" 
            where table_schema = 'public' 
            GROUP by table_name 
            order by column_count desc
[24/08/2022 - 16:42:54 PM] Banco de dados da aplicação conectado ✓
[24/08/2022 - 16:42:55 PM] Banco de dados da aplicação conectado ✓
[24/08/2022 - 16:42:55 PM] Banco de dados da aplicação conectado ✓
[24/08/2022 - 16:42:55 PM] Banco de dados da aplicação conectado ✓
[24/08/2022 - 16:42:55 PM] Banco de dados da aplicação conectado ✓
[24/08/2022 - 16:42:55 PM] Banco de dados da aplicação conectado ✓
[24/08/2022 - 16:42:55 PM] Empresa criada com sucesso pelo usuário: undefined
[24/08/2022 - 16:42:56 PM] Usuário criado com sucesso.
[24/08/2022 - 16:42:56 PM] error: Erro: E11000 duplicate key error collection: tscmdb.integrations index: name_1 dup key: { name: "Hospital de testes" }
[24/08/2022 - 16:42:56 PM] error: integrationConfig validation failed: integrationId: Id da integração deve ser preenchido.
[24/08/2022 - 16:42:56 PM] Token gerado com sucesso. UserId: 62a77ec1ca1be5d360b514f0
[24/08/2022 - 16:42:57 PM] error: Erro: E11000 duplicate key error collection: tscmdb.users index: email_1 dup key: { email: "augustoqueiros@gmail.com" }
[24/08/2022 - 16:42:57 PM] Token gerado com sucesso. UserId: 62a77ec1ca1be5d360b514f0
