[23/08/2022 - 10:31:19 AM] Banco de dados da aplicação conectado ✓
[23/08/2022 - 10:32:56 AM] Banco de dados da aplicação conectado ✓
[23/08/2022 - 10:33:18 AM] Banco de dados da aplicação conectado ✓
[23/08/2022 - 10:33:25 AM] Banco de dados da aplicação conectado ✓
[23/08/2022 - 10:34:21 AM] error: E11000 duplicate key error collection: tscmdb.integrationconfigs index: integrationId_1 dup key: { integrationId: ObjectId('62f536ef910f9aade2fa16ba') }
[23/08/2022 - 10:41:09 AM] Configuração da integração criada com sucesso. UserId: undefined 
[23/08/2022 - 10:41:51 AM] Banco de dados da aplicação conectado ✓
[23/08/2022 - 11:03:54 AM] error: E11000 duplicate key error collection: tscmdb.integrationconfigs index: integrationId_1 dup key: { integrationId: ObjectId('62f536ef910f9aade2fa16ba') }
[23/08/2022 - 11:05:39 AM] error: E11000 duplicate key error collection: tscmdb.integrationconfigs index: integrationId_1 dup key: { integrationId: ObjectId('62f536ef910f9aade2fa16ba') }
[23/08/2022 - 11:05:47 AM] error: integrationConfig validation failed: integrationId: Cast to ObjectId failed for value "62f536ef910f9aade2f" (type string) at path "integrationId"
[23/08/2022 - 11:28:03 AM] Banco de dados da aplicação conectado ✓
[23/08/2022 - 11:28:09 AM] error: E11000 duplicate key error collection: tscmdb.integrationconfigs index: integrationId_1 dup key: { integrationId: ObjectId('6286e1515edd168397b51dbf') }
[23/08/2022 - 13:01:57 PM] Banco de dados da aplicação conectado ✓
[23/08/2022 - 13:04:26 PM] Banco de dados da aplicação conectado ✓
[23/08/2022 - 13:09:30 PM] Banco de dados da aplicação conectado ✓
[23/08/2022 - 13:10:34 PM] Banco de dados da aplicação conectado ✓
[23/08/2022 - 13:11:40 PM] Banco de dados da aplicação conectado ✓
[23/08/2022 - 13:12:32 PM] Banco de dados da aplicação conectado ✓
[23/08/2022 - 13:13:58 PM] Banco de dados da aplicação conectado ✓
[23/08/2022 - 13:14:05 PM] Banco de dados da aplicação conectado ✓
[23/08/2022 - 13:14:48 PM] Banco de dados da aplicação conectado ✓
[23/08/2022 - 13:27:11 PM] Banco de dados da aplicação conectado ✓
[23/08/2022 - 13:28:06 PM] Banco de dados da aplicação conectado ✓
[23/08/2022 - 14:00:59 PM] Banco de dados da aplicação conectado ✓
[23/08/2022 - 14:15:59 PM] Banco de dados da aplicação conectado ✓
[23/08/2022 - 14:50:42 PM] Banco de dados da aplicação conectado ✓
[23/08/2022 - 14:51:05 PM] Banco de dados da aplicação conectado ✓
[23/08/2022 - 14:55:22 PM] Banco de dados da aplicação conectado ✓
[23/08/2022 - 15:00:44 PM] Banco de dados da aplicação conectado ✓
[23/08/2022 - 15:11:27 PM] Banco de dados da aplicação conectado ✓
[23/08/2022 - 15:13:11 PM] Banco de dados da aplicação conectado ✓
[23/08/2022 - 16:02:01 PM] Banco de dados da aplicação conectado ✓
[23/08/2022 - 16:07:53 PM] Banco de dados da aplicação conectado ✓
